mode: set
github.com/yaowenqiang/service/business/data/user/user.go:31.45,36.2 1 1
github.com/yaowenqiang/service/business/data/user/user.go:38.100,40.16 2 1
github.com/yaowenqiang/service/business/data/user/user.go:44.2,64.143 4 1
github.com/yaowenqiang/service/business/data/user/user.go:68.2,68.17 1 1
github.com/yaowenqiang/service/business/data/user/user.go:40.16,42.3 1 0
github.com/yaowenqiang/service/business/data/user/user.go:64.143,66.3 1 0
github.com/yaowenqiang/service/business/data/user/user.go:71.130,73.16 2 1
github.com/yaowenqiang/service/business/data/user/user.go:77.2,77.20 1 1
github.com/yaowenqiang/service/business/data/user/user.go:80.2,80.21 1 1
github.com/yaowenqiang/service/business/data/user/user.go:83.2,83.21 1 1
github.com/yaowenqiang/service/business/data/user/user.go:86.2,86.24 1 1
github.com/yaowenqiang/service/business/data/user/user.go:94.2,110.126 4 1
github.com/yaowenqiang/service/business/data/user/user.go:114.2,114.12 1 1
github.com/yaowenqiang/service/business/data/user/user.go:73.16,75.3 1 0
github.com/yaowenqiang/service/business/data/user/user.go:77.20,79.3 1 1
github.com/yaowenqiang/service/business/data/user/user.go:80.21,82.3 1 1
github.com/yaowenqiang/service/business/data/user/user.go:83.21,85.3 1 0
github.com/yaowenqiang/service/business/data/user/user.go:86.24,88.17 2 0
github.com/yaowenqiang/service/business/data/user/user.go:92.3,92.24 1 0
github.com/yaowenqiang/service/business/data/user/user.go:88.17,90.4 1 0
github.com/yaowenqiang/service/business/data/user/user.go:110.126,112.3 1 0
github.com/yaowenqiang/service/business/data/user/user.go:117.80,118.46 1 1
github.com/yaowenqiang/service/business/data/user/user.go:122.2,128.60 3 1
github.com/yaowenqiang/service/business/data/user/user.go:132.2,132.12 1 1
github.com/yaowenqiang/service/business/data/user/user.go:118.46,120.3 1 0
github.com/yaowenqiang/service/business/data/user/user.go:128.60,130.3 1 0
github.com/yaowenqiang/service/business/data/user/user.go:135.74,143.59 4 0
github.com/yaowenqiang/service/business/data/user/user.go:147.2,147.19 1 0
github.com/yaowenqiang/service/business/data/user/user.go:143.59,145.3 1 0
github.com/yaowenqiang/service/business/data/user/user.go:150.111,152.46 1 1
github.com/yaowenqiang/service/business/data/user/user.go:156.2,156.68 1 1
github.com/yaowenqiang/service/business/data/user/user.go:160.2,167.62 4 1
github.com/yaowenqiang/service/business/data/user/user.go:174.2,174.17 1 1
github.com/yaowenqiang/service/business/data/user/user.go:152.46,154.3 1 0
github.com/yaowenqiang/service/business/data/user/user.go:156.68,158.3 1 0
github.com/yaowenqiang/service/business/data/user/user.go:167.62,168.27 1 1
github.com/yaowenqiang/service/business/data/user/user.go:171.3,171.64 1 0
github.com/yaowenqiang/service/business/data/user/user.go:168.27,170.4 1 1
github.com/yaowenqiang/service/business/data/user/user.go:177.113,186.61 4 1
github.com/yaowenqiang/service/business/data/user/user.go:193.2,193.68 1 1
github.com/yaowenqiang/service/business/data/user/user.go:197.2,197.17 1 1
github.com/yaowenqiang/service/business/data/user/user.go:186.61,187.27 1 0
github.com/yaowenqiang/service/business/data/user/user.go:190.3,190.63 1 0
github.com/yaowenqiang/service/business/data/user/user.go:187.27,189.4 1 0
github.com/yaowenqiang/service/business/data/user/user.go:193.68,195.3 1 0
